<?xml version="1.0" encoding="UTF-8"?>
<!-- Generated by org.testng.reporters.JUnitReportReporter -->
<testsuite hostname="DESKTOP-IBJI15T" failures="0" tests="1" name="check.Login" time="27.620" errors="0" timestamp="2022-08-05T00:38:54 IST" skipped="0">
  <testcase classname="check.Login" name="newone" time="27.620"/>
  <system-out/>
</testsuite> <!-- check.Login -->
