<?xml version="1.0" encoding="UTF-8"?>
<!-- Generated by org.testng.reporters.JUnitReportReporter -->
<testsuite hostname="DESKTOP-IBJI15T" failures="0" tests="1" name="Login" time="10.669" errors="0" timestamp="2022-08-05T00:33:54 IST" skipped="0">
  <testcase classname="Login" name="newone" time="10.669"/>
  <system-out/>
</testsuite> <!-- Login -->
