<?xml version="1.0" encoding="UTF-8"?>
<!-- Generated by org.testng.reporters.JUnitReportReporter -->
<testsuite hostname="DESKTOP-IBJI15T" failures="0" tests="1" name="fruits" time="9.851" errors="0" timestamp="2022-08-05T00:35:29 IST" skipped="0">
  <testcase classname="fruits" name="fruits" time="9.851"/>
  <system-out/>
</testsuite> <!-- fruits -->
